==============================================================================
Projet1- FILS DE CABLE - Filtre                                               
==============================================================================
Projet1- FILS DE CABLE - Filtre.test1-1 Cat2 :: Cables et fils electrique-F...
==============================================================================
Cables et fils electrique-Fils de cable                                 
  Traceback (most recent call last):
    ~~~~~~~~~~~~~~~~~~~~~~~~~~~~~~~~~~~~~~~~~~~~~~~~~~~~~~~~~~~~~~~~~~~~~~~~~~
    File  C:\Users\Ilham BOURHAIM\PycharmProjects\pythonProject13\Projet1- FILS DE CABLE - Filtre\test1-1_Cat2.robot:9
    T:  Cables et fils electrique-Fils de cable    
    ~~~~~~~~~~~~~~~~~~~~~~~~~~~~~~~~~~~~~~~~~~~~~~~~~~~~~~~~~~~~~~~~~~~~~~~~~~
    File  C:\Users\Ilham BOURHAIM\PycharmProjects\pythonProject13\Projet1- FILS DE CABLE - Filtre\test1-1_Cat2.robot:10
      open the browser with URL    
    ~~~~~~~~~~~~~~~~~~~~~~~~~~~~~~~~~~~~~~~~~~~~~~~~~~~~~~~~~~~~~~~~~~~~~~~~~~
    File  C:\Users\Ilham BOURHAIM\PycharmProjects\pythonProject13\PO\resources.robot:10
      Create Webdriver    Chrome
______________________________________________________________________________
| FAIL |
WebDriverException: Message: unknown error: Chrome failed to start: crashed.
  (unknown error: DevToolsActivePort file doesn't exist)
  (The process started from chrome location C:\Program Files\Google\Chrome\Application\chrome.exe is no longer running, so ChromeDriver is assuming that Chrome has crashed.)
Stacktrace:
Backtrace:
	(No symbol) [0x00CE37D3]
	(No symbol) [0x00C78B81]
	(No symbol) [0x00B7B36D]
	(No symbol) [0x00B9B7EF]
	(No symbol) [0x00B96FC9]
	(No symbol) [0x00BD1ED5]
	(No symbol) [0x00BD1B2C]
	(No symbol) [0x00BCB216]
	(No symbol) [0x00BA0D97]
	(No symbol) [0x00BA253D]
	GetHandleVerifier [0x00F5ABF2+2510930]
	GetHandleVerifier [0x00F88EC1+2700065]
	GetHandleVerifier [0x00F8C86C+2714828]
	GetHandleVerifier [0x00D93480+645344]
	(No symbol) [0x00C80FD2]
	(No symbol) [0x00C86C68]
	(No symbol) [0x00C86D4B]
	(No symbol) [0x00C90D6B]
	BaseThreadInitThunk [0x76DE00F9+25]
	RtlGetAppContainerNamedObjectPath [0x775F7BBE+286]
	RtlGetAppContainerNamedObjectPath [0x775F7B8E+238]
------------------------------------------------------------------------------
Projet1- FILS DE CABLE - Filtre.test1-1 Cat2 :: Cables et fils ele... | FAIL |
1 test, 0 passed, 1 failed
==============================================================================
Projet1- FILS DE CABLE - Filtre                                       | FAIL |
1 test, 0 passed, 1 failed
==============================================================================
Output:  C:\Users\Ilham BOURHAIM\PycharmProjects\pythonProject13\Projet1- FILS DE CABLE - Filtre\pabot_results\12\output.xml
